
      👋 Welcome to Streamlit!

      If you'd like to receive helpful onboarding emails, news, offers, promotions,
      and the occasional swag, please enter your email address below. Otherwise,
      leave this field blank.

      Email:  2026-02-24 15:17:55.503 [Errno 9] Bad file descriptor

  You can now view your Streamlit app in your browser.

  Local URL: http://localhost:8505
  Network URL: http://172.24.173.15:8505

[31m──[0m[31m────────────────────────[0m[31m [0m[1;31mTraceback [0m[1;2;31m(most recent call last)[0m[31m [0m[31m─────────────────────────[0m[31m──[0m
[31m [0m [2;33m/home/f2253759/.local/lib/python3.9/site-packages/streamlit/runtime/scriptrunner/[0m[1;33mexe[0m [31m [0m
[31m [0m [1;33mc_code.py[0m:[94m128[0m in [92mexec_func_with_error_handling[0m                                       [31m [0m
[31m [0m                                                                                      [31m [0m
[31m [0m [2;33m/home/f2253759/.local/lib/python3.9/site-packages/streamlit/runtime/scriptrunner/[0m[1;33mscr[0m [31m [0m
[31m [0m [1;33mipt_runner.py[0m:[94m667[0m in [92mcode_to_exec[0m                                                    [31m [0m
[31m [0m                                                                                      [31m [0m
[31m [0m [2;33m/home/f2253759/.local/lib/python3.9/site-packages/streamlit/runtime/scriptrunner/[0m[1;33mscr[0m [31m [0m
[31m [0m [1;33mipt_runner.py[0m:[94m165[0m in [92m_mpa_v1[0m                                                         [31m [0m
[31m [0m                                                                                      [31m [0m
[31m [0m [2;33m/home/f2253759/.local/lib/python3.9/site-packages/streamlit/navigation/[0m[1;33mpage.py[0m:[94m300[0m   [31m [0m
[31m [0m in [92mrun[0m                                                                               [31m [0m
[31m [0m                                                                                      [31m [0m
[31m [0m [2;33m/home/f2253759/py/tel2026/pages/[0m[1;33m1_✉️_Comunicação.py[0m:[94m10[0m in [92m<module>[0m                    [31m [0m
[31m [0m                                                                                      [31m [0m
[31m [0m   [2m  7 [0mst.title([33m"[0m[33m✉️ Comunicação[0m[33m"[0m)                                                      [31m [0m
[31m [0m   [2m  8 [0m                                                                               [31m [0m
[31m [0m   [2m  9 [0m[2m# ==== Utilitários de data ====[0m                                                [31m [0m
[31m [0m [31m❱ [0m 10 [94mdef[0m [92mdate_to_iso[0m(d: date | [94mNone[0m) -> [96mstr[0m | [94mNone[0m:                                 [31m [0m
[31m [0m   [2m 11 [0m[2;90m│   [0m[33m"""Converte date (ou None) para string ISO 'YYYY-MM-DD' (ou None)."""[0m      [31m [0m
[31m [0m   [2m 12 [0m[2m│   [0m[94mif[0m [95mnot[0m d:                                                                  [31m [0m
[31m [0m   [2m 13 [0m[2m│   │   [0m[94mreturn[0m [94mNone[0m                                                            [31m [0m
[31m────────────────────────────────────────────────────────────────────────────────────────[0m
[1;91mTypeError: [0munsupported operand [1;35mtype[0m[1m([0ms[1m)[0m for |: [32m'type'[0m and [32m'NoneType'[0m
2026-02-24 17:31:28.107 Please replace `use_container_width` with `width`.

`use_container_width` will be removed after 2025-12-31.

For `use_container_width=True`, use `width='stretch'`. For `use_container_width=False`, use `width='content'`.
2026-02-24 17:33:58.703 Please replace `use_container_width` with `width`.

`use_container_width` will be removed after 2025-12-31.

For `use_container_width=True`, use `width='stretch'`. For `use_container_width=False`, use `width='content'`.
2026-02-24 17:37:44.188 Please replace `use_container_width` with `width`.

`use_container_width` will be removed after 2025-12-31.

For `use_container_width=True`, use `width='stretch'`. For `use_container_width=False`, use `width='content'`.
2026-02-24 17:38:06.356 Please replace `use_container_width` with `width`.

`use_container_width` will be removed after 2025-12-31.

For `use_container_width=True`, use `width='stretch'`. For `use_container_width=False`, use `width='content'`.
2026-02-24 17:38:08.692 Please replace `use_container_width` with `width`.

`use_container_width` will be removed after 2025-12-31.

For `use_container_width=True`, use `width='stretch'`. For `use_container_width=False`, use `width='content'`.
2026-02-24 17:38:14.495 Please replace `use_container_width` with `width`.

`use_container_width` will be removed after 2025-12-31.

For `use_container_width=True`, use `width='stretch'`. For `use_container_width=False`, use `width='content'`.
2026-02-24 17:38:20.839 Please replace `use_container_width` with `width`.

`use_container_width` will be removed after 2025-12-31.

For `use_container_width=True`, use `width='stretch'`. For `use_container_width=False`, use `width='content'`.
2026-02-24 17:38:20.912 Please replace `use_container_width` with `width`.

`use_container_width` will be removed after 2025-12-31.

For `use_container_width=True`, use `width='stretch'`. For `use_container_width=False`, use `width='content'`.
2026-02-24 17:41:45.274 Please replace `use_container_width` with `width`.

`use_container_width` will be removed after 2025-12-31.

For `use_container_width=True`, use `width='stretch'`. For `use_container_width=False`, use `width='content'`.
2026-02-24 17:41:57.271 Please replace `use_container_width` with `width`.

`use_container_width` will be removed after 2025-12-31.

For `use_container_width=True`, use `width='stretch'`. For `use_container_width=False`, use `width='content'`.
2026-02-24 17:44:53.267 Please replace `use_container_width` with `width`.

`use_container_width` will be removed after 2025-12-31.

For `use_container_width=True`, use `width='stretch'`. For `use_container_width=False`, use `width='content'`.
2026-02-24 17:45:15.664 Please replace `use_container_width` with `width`.

`use_container_width` will be removed after 2025-12-31.

For `use_container_width=True`, use `width='stretch'`. For `use_container_width=False`, use `width='content'`.
2026-02-24 17:45:20.985 Please replace `use_container_width` with `width`.

`use_container_width` will be removed after 2025-12-31.

For `use_container_width=True`, use `width='stretch'`. For `use_container_width=False`, use `width='content'`.
2026-02-24 17:45:25.525 Please replace `use_container_width` with `width`.

`use_container_width` will be removed after 2025-12-31.

For `use_container_width=True`, use `width='stretch'`. For `use_container_width=False`, use `width='content'`.
